<?xml version="1.0" encoding="UTF-8"?>
<!-- Generated by org.testng.reporters.JUnitXMLReporter -->
<testsuite hostname="Ty-Deepak-Tr" ignored="4" name="Test" tests="2" failures="0" timestamp="16 Oct 2020 08:47:17 GMT" time="67.707" errors="0">
  <testcase name="createContactTest" time="16.226" classname="com.autodesk.contacttest.CreateContactTest"/>
  <testcase name="createOrgTest" time="14.833" classname="com.autodest.organizationTest.CreateOrgTest"/>
  <testcase name="@BeforeSuite configBS" time="0.0" classname="com.autodest.genericUtils.BaseClass">
    <ignored/>
  </testcase> <!-- @BeforeSuite configBS -->
  <testcase name="createContactWithOrg" time="0.0" classname="com.autodesk.contacttest.CreateContactTest">
    <ignored/>
  </testcase> <!-- createContactWithOrg -->
  <testcase name="createOrgWithIndustryTest" time="0.0" classname="com.autodest.organizationTest.CreateOrgTest">
    <ignored/>
  </testcase> <!-- createOrgWithIndustryTest -->
  <testcase name="@AfterSuite configBS1" time="0.0" classname="com.autodest.genericUtils.BaseClass">
    <ignored/>
  </testcase> <!-- @AfterSuite configBS1 -->
</testsuite> <!-- Test -->
