<?xml version="1.0" encoding="UTF-8"?>
<testng-results skipped="0" failed="0" ignored="0" total="1" passed="1">
  <reporter-output>
  </reporter-output>
  <suite name="Default suite" duration-ms="33164" started-at="2020-10-14T09:01:33Z" finished-at="2020-10-14T09:02:06Z">
    <groups>
    </groups>
    <test name="Default test" duration-ms="33164" started-at="2020-10-14T09:01:33Z" finished-at="2020-10-14T09:02:06Z">
      <class name="com.autodesk.contacttest.CreateContactTest">
        <test-method status="PASS" signature="createContactWithOrg()[pri:0, instance:com.autodesk.contacttest.CreateContactTest@2893de87]" name="createContactWithOrg" duration-ms="33128" started-at="2020-10-14T09:01:33Z" finished-at="2020-10-14T09:02:06Z">
          <reporter-output>
          </reporter-output>
        </test-method> <!-- createContactWithOrg -->
      </class> <!-- com.autodesk.contacttest.CreateContactTest -->
    </test> <!-- Default test -->
  </suite> <!-- Default suite -->
</testng-results>
